<?xml version="1.0" encoding="UTF-8"?>
<testsuite name="com.phonebook.tests.RemoveContactTests" tests="1" skipped="0" failures="0" errors="0" timestamp="2023-06-29T08:28:21" hostname="DESKTOP-OS617JJ" time="11.598">
  <properties/>
  <testcase name="removeContactTest" classname="com.phonebook.tests.RemoveContactTests" time="11.598"/>
  <system-out><![CDATA[10:28:08.993 [Test worker] INFO  com.phonebook.tests.TestBase -- Start test removeContactTest with data: []
10:28:33.014 [Test worker] INFO  com.phonebook.tests.TestBase -- PASSED: removeContactTest
10:28:33.014 [Test worker] INFO  com.phonebook.tests.TestBase -- Stop test
10:28:33.015 [Test worker] INFO  com.phonebook.tests.TestBase -- ==================================================
]]></system-out>
  <system-err><![CDATA[]]></system-err>
</testsuite>
