<?xml version="1.0" encoding="UTF-8"?>
<testsuite name="com.phonebook.tests.LoginTests" tests="1" skipped="0" failures="0" errors="0" timestamp="2023-06-29T08:27:54" hostname="DESKTOP-OS617JJ" time="1.446">
  <properties/>
  <testcase name="loginPositiveTest" classname="com.phonebook.tests.LoginTests" time="1.446"/>
  <system-out><![CDATA[10:27:54.247 [Test worker] INFO  com.phonebook.tests.TestBase -- Start test loginPositiveTest with data: []
10:27:55.895 [Test worker] INFO  com.phonebook.tests.TestBase -- PASSED: loginPositiveTest
10:27:55.895 [Test worker] INFO  com.phonebook.tests.TestBase -- Stop test
10:27:55.895 [Test worker] INFO  com.phonebook.tests.TestBase -- ==================================================
]]></system-out>
  <system-err><![CDATA[]]></system-err>
</testsuite>
